<?xml version="1.0" encoding="UTF-8"?>
<testsuites name="Mocha Tests" time="1.734" tests="1" failures="0">
  <testsuite name="Root Suite" timestamp="2024-08-21T22:07:57" tests="0" file="cypress/e2e/home-page.cy.ts" time="0.000" failures="0">
  </testsuite>
  <testsuite name="Home Page" timestamp="2024-08-21T22:07:57" tests="1" time="1.726" failures="0">
    <testcase name="Home Page cy.get() - query DOM elements" time="1.598" classname="cy.get() - query DOM elements">
    </testcase>
  </testsuite>
</testsuites>